2025-04-18 13:28:22,225 INFO o.a.j.u.JMeterUtils: Setting Locale to en_EN
2025-04-18 13:28:22,242 INFO o.a.j.JMeter: Loading user properties from: /opt/jmeter/bin/user.properties
2025-04-18 13:28:22,242 INFO o.a.j.JMeter: Loading system properties from: /opt/jmeter/bin/system.properties
2025-04-18 13:28:22,247 INFO o.a.j.JMeter: Copyright (c) 1998-2022 The Apache Software Foundation
2025-04-18 13:28:22,248 INFO o.a.j.JMeter: Version 5.5
2025-04-18 13:28:22,248 INFO o.a.j.JMeter: java.version=17.0.14
2025-04-18 13:28:22,248 INFO o.a.j.JMeter: java.vm.name=OpenJDK 64-Bit Server VM
2025-04-18 13:28:22,248 INFO o.a.j.JMeter: os.name=Linux
2025-04-18 13:28:22,248 INFO o.a.j.JMeter: os.arch=amd64
2025-04-18 13:28:22,248 INFO o.a.j.JMeter: os.version=5.15.167.4-microsoft-standard-WSL2
2025-04-18 13:28:22,248 INFO o.a.j.JMeter: file.encoding=UTF-8
2025-04-18 13:28:22,248 INFO o.a.j.JMeter: java.awt.headless=true
2025-04-18 13:28:22,248 INFO o.a.j.JMeter: Max memory     =1073741824
2025-04-18 13:28:22,248 INFO o.a.j.JMeter: Available Processors =8
2025-04-18 13:28:22,256 INFO o.a.j.JMeter: Default Locale=English (EN)
2025-04-18 13:28:22,256 INFO o.a.j.JMeter: JMeter  Locale=English (EN)
2025-04-18 13:28:22,256 INFO o.a.j.JMeter: JMeterHome=/opt/jmeter
2025-04-18 13:28:22,256 INFO o.a.j.JMeter: user.dir  =/home/rajalakshmi/my-jmeter-repo
2025-04-18 13:28:22,256 INFO o.a.j.JMeter: PWD       =/home/rajalakshmi/my-jmeter-repo
2025-04-18 13:28:22,257 INFO o.a.j.JMeter: IP: 127.0.1.1 Name: LAPTOP-0IPM4116 FullName: LAPTOP-0IPM4116.
2025-04-18 13:28:22,263 ERROR o.a.j.JMeter: An error occurred: 
org.apache.jmeter.report.config.ConfigurationException: The file /var/lib/jenkins/workspace/Jmeter/sample_test_plan.jmx doesn't exist or can't be opened
	at org.apache.jmeter.JMeter.runNonGui(JMeter.java:927) ~[ApacheJMeter_core.jar:5.5]
	at org.apache.jmeter.JMeter.startNonGui(JMeter.java:917) ~[ApacheJMeter_core.jar:5.5]
	at org.apache.jmeter.JMeter.start(JMeter.java:485) ~[ApacheJMeter_core.jar:5.5]
	at jdk.internal.reflect.NativeMethodAccessorImpl.invoke0(Native Method) ~[?:?]
	at jdk.internal.reflect.NativeMethodAccessorImpl.invoke(NativeMethodAccessorImpl.java:77) ~[?:?]
	at jdk.internal.reflect.DelegatingMethodAccessorImpl.invoke(DelegatingMethodAccessorImpl.java:43) ~[?:?]
	at java.lang.reflect.Method.invoke(Method.java:569) ~[?:?]
	at org.apache.jmeter.NewDriver.main(NewDriver.java:259) ~[ApacheJMeter.jar:5.5]
